This is pdfTeX, Version 3.141592-1.11b (MiKTeX 2.4) (preloaded format=latex 2000.11.28)  25 JAN 2004 03:26
**index.tex
(index.tex{pdftex.cfg}
LaTeX2e <2001/06/01>
Babel <v3.7j> and hyphenation patterns for english, french, german, ngerman, du
mylang, nohyphenation, loaded.
(C:\Programme\MikTeX\texmf\tex\latex\beamer\beamer.cls
Document Class: beamer 2003/11/12 v1.00 Class for Typesetting a Beamer Presenta
tion
\beamer@commentbox=\box26
(C:\Programme\MikTeX\texmf\tex\latex\pgf\pgf.sty
Package: pgf 2003/10/29 ver 0.40
\pgf@objectcount=\count79

(C:\Programme\MikTeX\texmf\tex\latex\pgf\xxcolor.sty
Package: xxcolor 2003/10/24 ver 0.1

(C:\Programme\MikTeX\texmf\tex\latex\xcolor\xcolor.sty
Package: xcolor 2003/09/21 v1.03 LaTeX color extensions (UK)

(C:\Programme\MikTeX\texmf\tex\latex\graphics\color.sty
Package: color 1999/02/16 v1.0i Standard LaTeX Color (DPC)

(C:\Programme\MikTeX\texmf\tex\latex\00miktex\color.cfg
File: color.cfg 2003/03/08 v1.0 MiKTeX 'color' configuration
)
Package color Info: Driver file: pdftex.def on input line 125.

(C:\Programme\MikTeX\texmf\tex\latex\graphics\pdftex.def
File: pdftex.def 2002/06/19 v0.03k graphics/color for pdftex
\Gread@gobject=\count80
))
Package xcolor Info: Color model `cmy' added on input line 598.
Package xcolor Info: Color model `hsb' added on input line 606.
Package xcolor Info: Color model `HSB' added on input line 626.
Package xcolor Info: Color model `Gray' added on input line 632.
\rownum=\count81
Package xcolor Info: Starting to (re)define basic colors on input line 671.
Package color Info: Redefining color red on input line 672.
Package color Info: Redefining color green on input line 673.
Package color Info: Redefining color blue on input line 674.
Package color Info: Redefining color cyan on input line 675.
Package color Info: Redefining color magenta on input line 676.
Package color Info: Redefining color yellow on input line 677.
Package color Info: Redefining color black on input line 678.
Package color Info: Redefining color white on input line 679.
))
(C:\Programme\MikTeX\texmf\tex\latex\graphics\keyval.sty
Package: keyval 1999/03/16 v1.13 key=value parser (DPC)
\KV@toks@=\toks14
)
\pgf@linewidth=\dimen102
\pgfpic=\box27
\pgf@hbox=\box28
\pgf@tempbox=\box29
\pgf@aax=\dimen103
\pgf@aay=\dimen104
\pgf@abx=\dimen105
\pgf@aby=\dimen106
\pgf@bax=\dimen107
\pgf@bay=\dimen108
\pgf@bbx=\dimen109
\pgf@bby=\dimen110
\pgf@x=\dimen111
\pgf@y=\dimen112
\pgf@xa=\dimen113
\pgf@ya=\dimen114
\pgf@xb=\dimen115
\pgf@yb=\dimen116
\pgfobjectbox=\box30
\pgf@xx=\dimen117
\pgf@xy=\dimen118
\pgf@yx=\dimen119
\pgf@yy=\dimen120
\pgf@zx=\dimen121
\pgf@zy=\dimen122
\pgf@counta=\count82
\pgf@countb=\count83
)
(C:\Programme\MikTeX\texmf\tex\latex\amsfonts\amssymb.sty
Package: amssymb 2002/01/22 v2.2d

(C:\Programme\MikTeX\texmf\tex\latex\amsfonts\amsfonts.sty
Package: amsfonts 2001/10/25 v2.2f
\@emptytoks=\toks15
\symAMSa=\mathgroup4
\symAMSb=\mathgroup5
LaTeX Font Info:    Overwriting math alphabet `\mathfrak' in version `bold'
(Font)                  U/euf/m/n --> U/euf/b/n on input line 132.
))
(C:\Programme\MikTeX\texmf\tex\latex\geometry\geometry.sty
Package: geometry 2002/07/08 v3.2 Page Geometry
\Gm@cnth=\count84
\Gm@cntv=\count85
\c@Gm@tempcnt=\count86
\Gm@bindingoffset=\dimen123
\Gm@wd@mp=\dimen124
\Gm@odd@mp=\dimen125
\Gm@even@mp=\dimen126
\Gm@dimlist=\toks16

(C:\Programme\MikTeX\texmf\tex\latex\geometry\geometry.cfg))
(C:\Programme\MikTeX\texmf\tex\latex\hyperref\hyperref.sty
Package: hyperref 2003/10/12 v6.74k Hypertext links for LaTeX
\@linkdim=\dimen127
\Hy@linkcounter=\count87
\Hy@pagecounter=\count88

(C:\Programme\MikTeX\texmf\tex\latex\hyperref\pd1enc.def
File: pd1enc.def 2003/10/12 v6.74k Hyperref: PDFDocEncoding definition (HO)
)
(C:\Programme\MikTeX\texmf\tex\latex\00miktex\hyperref.cfg
File: hyperref.cfg 2003/03/08 v1.0 MiKTeX 'hyperref' configuration
)
Package hyperref Info: Option `implicit' set `false' on input line 1829.
Package hyperref Info: Option `bookmarks' set `true' on input line 1829.
Package hyperref Info: Option `bookmarksopen' set `true' on input line 1829.
Package hyperref Info: Hyper figures OFF on input line 1879.
Package hyperref Info: Link nesting OFF on input line 1884.
Package hyperref Info: Hyper index ON on input line 1887.
Package hyperref Info: Plain pages ON on input line 1892.
Package hyperref Info: Backreferencing OFF on input line 1899.

Implicit mode OFF; no redefinition of LaTeX internals
Package hyperref Info: Bookmarks ON on input line 2003.
(C:\Programme\MikTeX\texmf\tex\latex\ltxmisc\url.sty
\Urlmuskip=\muskip10
Package: url 1999/03/28  ver 1.5x  Verb mode for urls, etc.
)
LaTeX Info: Redefining \url on input line 2142.
\Fld@menulength=\count89
\Field@Width=\dimen128
\Fld@charsize=\dimen129
\Choice@toks=\toks17
\Field@toks=\toks18
Package hyperref Info: Hyper figures OFF on input line 2617.
Package hyperref Info: Link nesting OFF on input line 2622.
Package hyperref Info: Hyper index ON on input line 2625.
Package hyperref Info: backreferencing OFF on input line 2632.
Package hyperref Info: Link coloring OFF on input line 2637.

Hyperref stopped early
)
*hyperref using default driver hpdftex*
(C:\Programme\MikTeX\texmf\tex\latex\hyperref\hpdftex.def
File: hpdftex.def 2003/10/12 v6.74k Hyperref driver for pdfTeX

(C:\Programme\MikTeX\texmf\tex\latex\psnfss\pifont.sty
Package: pifont 2003/03/02 PSNFSS-v9.0c Pi font support (SPQR) 
LaTeX Font Info:    Try loading font information for U+pzd on input line 63.

(C:\Programme\MikTeX\texmf\tex\latex\psnfss\upzd.fd
File: upzd.fd 2001/06/04 font definitions for U/pzd.
)
LaTeX Font Info:    Try loading font information for U+psy on input line 64.

(C:\Programme\MikTeX\texmf\tex\latex\psnfss\upsy.fd
File: upsy.fd 2001/06/04 font definitions for U/psy.
))
\Fld@listcount=\count90
\@outlinefile=\write3
)
(C:\Programme\MikTeX\texmf\tex\latex\base\size11.clo
File: size11.clo 2001/04/21 v1.4e Standard LaTeX file (size option)
)
\headheight=\dimen130
\headdp=\dimen131
\footheight=\dimen132
\sidebarheight=\dimen133
\beamer@tempdim=\dimen134
\beamer@finalheight=\dimen135
\beamer@animht=\dimen136
\beamer@animdp=\dimen137
\beamer@animwd=\dimen138
\beamer@leftmargin=\dimen139
\beamer@rightmargin=\dimen140
\beamer@leftsidebar=\dimen141
\beamer@rightsidebar=\dimen142
\tempheight=\dimen143
\beamer@boxsize=\dimen144
\vboxoffset=\dimen145
\postemp=\dimen146
\originalbaselineskip=\dimen147
\@descdefault=\dimen148
\@descdefaulttemp=\dimen149
\bibindent=\dimen150
\beamer@areabox=\box31
\beamer@animcurrent=\box32
\beamer@animshowbox=\box33
\beamer@tempbox=\box34
\sectionbox=\box35
\tempbox=\box36
\navigationbox=\box37
\logobox=\box38
\linebox=\box39
\beamer@tempcount=\count91
\beamer@sectioncount=\count92
\subsection@max=\count93
\section@max=\count94
\totalheads=\count95
 (index.head)
\headcounter=\count96
\c@part=\count97
\beamer@partstartpage=\count98
\c@section=\count99
\beamer@sectionstartpage=\count100
\c@subsection=\count101
\beamer@subsectionstartpage=\count102
\c@subsectionslide=\count103
\beamer@pausecount=\count104
\serialnumber=\count105
\@serialnumber=\count106
\maxserialnumber=\count107
\c@framenumber=\count108
\beamer@minimum=\count109
Package color Info: Redefining color averagebackgroundcolor on input line 1597.

\beamer@xpos=\count110
\beamer@ypos=\count111
\currentsubsection=\count112
\beamer@showpartnumber=\count113
\beamer@animationtempa=\count114
\beamer@animationtempb=\count115
\c@figure=\count116
\c@table=\count117
\abovecaptionskip=\skip41
\belowcaptionskip=\skip42
)
(C:\Programme\MikTeX\texmf\tex\latex\beamer\beamertemplates.sty
Package: beamertemplates 2003/10/29 ver 0.92

(C:\Programme\MikTeX\texmf\tex\latex\pgf\pgfshade.sty
Package: pgfshade 2003/08/20 ver 0.11
\pgf@max=\dimen151
)
\beamer@dima=\dimen152
\beamer@dimb=\dimen153
)
(C:\Programme\MikTeX\texmf\tex\latex\beamer\beamerthemesplit.sty
Package: beamerthemesplit 2003/10/29 ver 0.92
\tempdimen=\dimen154
)
(C:\Programme\MikTeX\texmf\tex\generic\babel\babel.sty
Package: babel 2003/09/15 v3.7j The Babel package

(C:\Programme\MikTeX\texmf\tex\generic\babel\germanb.ldf
Language: germanb 2003/05/23 v2.6k German support from the babel system

(C:\Programme\MikTeX\texmf\tex\generic\babel\babel.def
File: babel.def 2003/09/15 v3.7j Babel common definitions
LaTeX Info: Redefining \textlatin on input line 60.
\babel@savecnt=\count118
\U@D=\dimen155
)
\l@austrian = a dialect from \language\l@german 
Package babel Info: Making " an active character on input line 72.
))
(C:\Programme\MikTeX\texmf\tex\latex\pgf\pgfarrows.sty
Package: pgfarrows 2003/07/18 ver 0.3
)
(C:\Programme\MikTeX\texmf\tex\latex\pgf\pgfnodes.sty
Package: pgfnodes 2003/07/18 ver 0.1
\pgf@nodesepstart=\dimen156
\pgf@nodesepend=\dimen157
)
(C:\Programme\MikTeX\texmf\tex\latex\pgf\pgfautomata.sty
Package: pgfautomata 2003/07/18 ver 0.1
\pgf@stateradius=\dimen158
\pgf@mooreradius=\dimen159
\pgf@doublethickness=\dimen160
\pgf@statebackoff=\dimen161
)
(C:\Programme\MikTeX\texmf\tex\latex\pgf\pgfheaps.sty
Package: pgfheaps 2003/07/18 ver 0.1
\pgf@heapx=\dimen162
\pgf@heapy=\dimen163
)
(C:\Programme\MikTeX\texmf\tex\latex\amsmath\amsmath.sty
Package: amsmath 2000/07/18 v2.13 AMS math features
\@mathmargin=\skip43

For additional information on amsmath, use the `?' option.
(C:\Programme\MikTeX\texmf\tex\latex\amsmath\amstext.sty
Package: amstext 2000/06/29 v2.01

(C:\Programme\MikTeX\texmf\tex\latex\amsmath\amsgen.sty
File: amsgen.sty 1999/11/30 v2.0
\@emptytoks=\toks19
\ex@=\dimen164
))
(C:\Programme\MikTeX\texmf\tex\latex\amsmath\amsbsy.sty
Package: amsbsy 1999/11/29 v1.2d
\pmbraise@=\dimen165
)
(C:\Programme\MikTeX\texmf\tex\latex\amsmath\amsopn.sty
Package: amsopn 1999/12/14 v2.01 operator names
)
\inf@bad=\count119
LaTeX Info: Redefining \frac on input line 211.
\uproot@=\count120
\leftroot@=\count121
LaTeX Info: Redefining \overline on input line 307.
\classnum@=\count122
\DOTSCASE@=\count123
LaTeX Info: Redefining \ldots on input line 379.
LaTeX Info: Redefining \dots on input line 382.
LaTeX Info: Redefining \cdots on input line 467.
\Mathstrutbox@=\box40
\strutbox@=\box41
\big@size=\dimen166
LaTeX Font Info:    Redeclaring font encoding OML on input line 567.
LaTeX Font Info:    Redeclaring font encoding OMS on input line 568.
\macc@depth=\count124
\c@MaxMatrixCols=\count125
\dotsspace@=\muskip11
\c@parentequation=\count126
\dspbrk@lvl=\count127
\tag@help=\toks20
\row@=\count128
\column@=\count129
\maxfields@=\count130
\andhelp@=\toks21
\eqnshift@=\dimen167
\alignsep@=\dimen168
\tagshift@=\dimen169
\tagwidth@=\dimen170
\totwidth@=\dimen171
\lineht@=\dimen172
\@envbody=\toks22
\multlinegap=\skip44
\multlinetaggap=\skip45
\mathdisplay@stack=\toks23
LaTeX Info: Redefining \[ on input line 2666.
LaTeX Info: Redefining \] on input line 2667.
)
(C:\Programme\MikTeX\texmf\tex\latex\base\inputenc.sty
Package: inputenc 2001/07/10 v0.99a Input encoding file 

(C:\Programme\MikTeX\texmf\tex\latex\base\latin1.def
File: latin1.def 2001/07/10 v0.99a Input encoding file 
))
(C:\Programme\MikTeX\texmf\tex\latex\carlisle\colortbl.sty
Package: colortbl 1999/03/24 v0.1i Color table columns (DPC)

(C:\Programme\MikTeX\texmf\tex\latex\tools\array.sty
Package: array 1998/05/13 v2.3m Tabular extension package (FMi)
\col@sep=\dimen173
\extrarowheight=\dimen174
\NC@list=\toks24
\extratabsurround=\skip46
\backup@length=\skip47
)
\everycr=\toks25
\minrowclearance=\skip48
)
(C:\Programme\MikTeX\texmf\tex\latex\listings\listings.sty
Package: listings 2003/06/21 1.1 (Carsten Heinz)
\lst@mode=\count131
\lst@gtempboxa=\box42
\lst@token=\toks26
\lst@length=\count132
\lst@currlwidth=\dimen175
\lst@column=\count133
\lst@pos=\count134
\lst@lostspace=\dimen176
\lst@width=\dimen177
\lst@newlines=\count135
\lst@lineno=\count136
\c@lstlisting=\count137
\lst@maxwidth=\dimen178

(C:\Programme\MikTeX\texmf\tex\latex\listings\lstpatch.sty
File: lstpatch.sty 2003/08/13 1.1c (Carsten Heinz)
)
(C:\Programme\MikTeX\texmf\tex\latex\listings\lstmisc.sty
File: lstmisc.sty 2003/06/21 1.1 (Carsten Heinz)
\c@lstnumber=\count138
\lst@skipnumbers=\count139
\lst@framebox=\box43
)
(C:\Programme\MikTeX\texmf\tex\latex\listings\listings.cfg
File: listings.cfg 2003/08/13 1.1a listings configuration
))
Package color Info: Redefining color pgf@tempcol on input line 33.
Package color Info: Redefining color pgf@tempcol on input line 33.
Package color Info: Redefining color XXC@mixed on input line 33.
Package color Info: Redefining color pgf@tempcol on input line 33.
Package color Info: Redefining color XXC@mixed on input line 33.
Package color Info: Redefining color averagebackgroundcolor on input line 33.
Package color Info: Redefining color pgf@tempcol on input line 38.
Package color Info: Redefining color pgf@tempcol on input line 38.
Package color Info: Redefining color pgf@tempcol on input line 38.
Package color Info: Redefining color pgf@tempcol on input line 38.
Package color Info: Redefining color XXC@mixed on input line 38.
Package color Info: Redefining color pgf@tempcol on input line 38.
Package color Info: Redefining color XXC@mixed on input line 38.
Package color Info: Redefining color pgf@tempcol on input line 38.
Package color Info: Redefining color XXC@mixed on input line 38.
Package color Info: Redefining color pgf@tempcol on input line 38.
Package color Info: Redefining color XXC@mixed on input line 38.
Package color Info: Redefining color pgf@tempcol on input line 38.
Package color Info: Redefining color pgf@tempcol on input line 38.
Package color Info: Redefining color pgf@tempcol on input line 38.
Package color Info: Redefining color pgf@tempcol on input line 38.
Package color Info: Redefining color XXC@mixed on input line 38.
Package color Info: Redefining color pgf@tempcol on input line 38.
Package color Info: Redefining color XXC@mixed on input line 38.
Package color Info: Redefining color pgf@tempcol on input line 38.
Package color Info: Redefining color XXC@mixed on input line 38.
Package color Info: Redefining color pgf@tempcol on input line 38.
Package color Info: Redefining color XXC@mixed on input line 38.
Package color Info: Redefining color pgf@tempcol on input line 38.
Package color Info: Redefining color pgf@tempcol on input line 38.
Package color Info: Redefining color pgf@tempcol on input line 38.
Package color Info: Redefining color pgf@tempcol on input line 38.
Package color Info: Redefining color XXC@mixed on input line 38.
Package color Info: Redefining color pgf@tempcol on input line 38.
Package color Info: Redefining color XXC@mixed on input line 38.
Package color Info: Redefining color pgf@tempcol on input line 38.
Package color Info: Redefining color XXC@mixed on input line 38.
Package color Info: Redefining color pgf@tempcol on input line 38.
Package color Info: Redefining color XXC@mixed on input line 38.
Package color Info: Redefining color XXC@mixed on input line 38.
Package color Info: Redefining color XXC@mixed on input line 38.
Package color Info: Redefining color pgf@tempcol on input line 38.
Package color Info: Redefining color pgf@tempcol on input line 38.
Package color Info: Redefining color pgf@tempcol on input line 38.
Package color Info: Redefining color pgf@tempcol on input line 38.
Package color Info: Redefining color XXC@mixed on input line 38.
Package color Info: Redefining color XXC@mixed on input line 38.
Package color Info: Redefining color pgf@tempcol on input line 38.
Package color Info: Redefining color XXC@mixed on input line 38.
Package color Info: Redefining color XXC@mixed on input line 38.
Package color Info: Redefining color pgf@tempcol on input line 38.
Package color Info: Redefining color XXC@mixed on input line 38.
Package color Info: Redefining color XXC@mixed on input line 38.
Package color Info: Redefining color pgf@tempcol on input line 38.
Package color Info: Redefining color XXC@mixed on input line 38.
Package color Info: Redefining color XXC@mixed on input line 38.
Package color Info: Redefining color pgf@tempcol on input line 38.
Package color Info: Redefining color pgf@tempcol on input line 38.
Package color Info: Redefining color pgf@tempcol on input line 38.
Package color Info: Redefining color pgf@tempcol on input line 38.
Package color Info: Redefining color XXC@mixed on input line 38.
Package color Info: Redefining color XXC@mixed on input line 38.
Package color Info: Redefining color pgf@tempcol on input line 38.
Package color Info: Redefining color XXC@mixed on input line 38.
Package color Info: Redefining color XXC@mixed on input line 38.
Package color Info: Redefining color pgf@tempcol on input line 38.
Package color Info: Redefining color XXC@mixed on input line 38.
Package color Info: Redefining color XXC@mixed on input line 38.
Package color Info: Redefining color pgf@tempcol on input line 38.
Package color Info: Redefining color XXC@mixed on input line 38.
Package color Info: Redefining color XXC@mixed on input line 38.
Package color Info: Redefining color pgf@tempcol on input line 38.
Package color Info: Redefining color pgf@tempcol on input line 38.
Package color Info: Redefining color pgf@tempcol on input line 38.
Package color Info: Redefining color pgf@tempcol on input line 38.
Package color Info: Redefining color XXC@mixed on input line 38.
Package color Info: Redefining color XXC@mixed on input line 38.
Package color Info: Redefining color pgf@tempcol on input line 38.
Package color Info: Redefining color XXC@mixed on input line 38.
Package color Info: Redefining color XXC@mixed on input line 38.
Package color Info: Redefining color pgf@tempcol on input line 38.
Package color Info: Redefining color XXC@mixed on input line 38.
Package color Info: Redefining color XXC@mixed on input line 38.
Package color Info: Redefining color pgf@tempcol on input line 38.
Package color Info: Redefining color XXC@mixed on input line 38.
Package color Info: Redefining color XXC@mixed on input line 38.
Package color Info: Redefining color XXC@mixed on input line 38.
Package color Info: Redefining color XXC@mixed on input line 38.
Package color Info: Redefining color pgf@tempcol on input line 38.
Package color Info: Redefining color pgf@tempcol on input line 38.
Package color Info: Redefining color pgf@tempcol on input line 38.
Package color Info: Redefining color pgf@tempcol on input line 38.
Package color Info: Redefining color XXC@mixed on input line 38.
Package color Info: Redefining color XXC@mixed on input line 38.
Package color Info: Redefining color pgf@tempcol on input line 38.
Package color Info: Redefining color XXC@mixed on input line 38.
Package color Info: Redefining color XXC@mixed on input line 38.
Package color Info: Redefining color pgf@tempcol on input line 38.
Package color Info: Redefining color XXC@mixed on input line 38.
Package color Info: Redefining color XXC@mixed on input line 38.
Package color Info: Redefining color pgf@tempcol on input line 38.
Package color Info: Redefining color XXC@mixed on input line 38.
Package color Info: Redefining color XXC@mixed on input line 38.
Package color Info: Redefining color pgf@tempcol on input line 38.
Package color Info: Redefining color pgf@tempcol on input line 38.
Package color Info: Redefining color pgf@tempcol on input line 38.
Package color Info: Redefining color pgf@tempcol on input line 38.
Package color Info: Redefining color XXC@mixed on input line 38.
Package color Info: Redefining color XXC@mixed on input line 38.
Package color Info: Redefining color pgf@tempcol on input line 38.
Package color Info: Redefining color XXC@mixed on input line 38.
Package color Info: Redefining color XXC@mixed on input line 38.
Package color Info: Redefining color pgf@tempcol on input line 38.
Package color Info: Redefining color XXC@mixed on input line 38.
Package color Info: Redefining color XXC@mixed on input line 38.
Package color Info: Redefining color pgf@tempcol on input line 38.
Package color Info: Redefining color XXC@mixed on input line 38.
Package color Info: Redefining color XXC@mixed on input line 38.
Package color Info: Redefining color pgf@tempcol on input line 38.
Package color Info: Redefining color pgf@tempcol on input line 38.
Package color Info: Redefining color pgf@tempcol on input line 38.
Package color Info: Redefining color pgf@tempcol on input line 38.
Package color Info: Redefining color XXC@mixed on input line 38.
Package color Info: Redefining color XXC@mixed on input line 38.
Package color Info: Redefining color pgf@tempcol on input line 38.
Package color Info: Redefining color XXC@mixed on input line 38.
Package color Info: Redefining color XXC@mixed on input line 38.
Package color Info: Redefining color pgf@tempcol on input line 38.
Package color Info: Redefining color XXC@mixed on input line 38.
Package color Info: Redefining color XXC@mixed on input line 38.
Package color Info: Redefining color pgf@tempcol on input line 38.
Package color Info: Redefining color XXC@mixed on input line 38.
Package color Info: Redefining color XXC@mixed on input line 38.
 (index.aux
(basics.aux) (plugins.aux) (fazit.aux))
LaTeX Font Info:    Checking defaults for OML/cmm/m/it on input line 40.
LaTeX Font Info:    ... okay on input line 40.
LaTeX Font Info:    Checking defaults for T1/cmr/m/n on input line 40.
LaTeX Font Info:    ... okay on input line 40.
LaTeX Font Info:    Checking defaults for OT1/cmr/m/n on input line 40.
LaTeX Font Info:    ... okay on input line 40.
LaTeX Font Info:    Checking defaults for OMS/cmsy/m/n on input line 40.
LaTeX Font Info:    ... okay on input line 40.
LaTeX Font Info:    Checking defaults for OMX/cmex/m/n on input line 40.
LaTeX Font Info:    ... okay on input line 40.
LaTeX Font Info:    Checking defaults for U/cmr/m/n on input line 40.
LaTeX Font Info:    ... okay on input line 40.
LaTeX Font Info:    Checking defaults for PD1/pdf/m/n on input line 40.
LaTeX Font Info:    ... okay on input line 40.

(C:\Programme\MikTeX\texmf\tex\context\base\supp-pdf.tex
(C:\Programme\MikTeX\texmf\tex\context\base\supp-mis.tex
loading : Context Support Macros / Missing
\protectiondepth=\count140
\scratchcounter=\count141
\scratchtoks=\toks27
\scratchdimen=\dimen179
\scratchskip=\skip49
\scratchmuskip=\muskip12
\scratchbox=\box44
\scratchread=\read1
\scratchwrite=\write4
\zeropoint=\dimen180
\minusone=\count142
\thousandpoint=\dimen181
\emptytoks=\toks28
\nextbox=\box45
\nextdepth=\dimen182
\everyline=\toks29
\!!counta=\count143
\!!countb=\count144
\recursecounter=\count145
)
loading : Context Support Macros / PDF
\nofMPsegments=\count146
\nofMParguments=\count147
\everyMPtoPDFconversion=\toks30
)
-------------------- Geometry parameters
paper: user defined
landscape: --
twocolumn: --
twoside: --
asymmetric: --
h-parts: 28.45274pt, 307.28987pt, 28.45274pt
v-parts: 0.0pt, 273.14662pt, 0.0pt
hmarginratio: --
vmarginratio: --
lines: --
heightrounded: --
bindingoffset: 0.0pt
truedimen: --
includehead: true
includefoot: true
includemp: --
driver: pdftex
-------------------- Page layout dimensions and switches
\paperwidth  364.19536pt
\paperheight 273.14662pt
\textwidth  307.28987pt
\textheight 247.14662pt
\oddsidemargin  -43.81725pt
\evensidemargin -43.81725pt
\topmargin  -72.26999pt
\headheight 10.0pt
\headsep    0.0pt
\footskip   16.0pt
\marginparwidth 4.0pt
\marginparsep   10.0pt
\columnsep  10.0pt
\skip\footins  10.0pt plus 4.0pt minus 2.0pt
\hoffset 0.0pt
\voffset 0.0pt
\mag 1000

(1in=72.27pt, 1cm=28.45pt)
-----------------------
Package hyperref Info: Link coloring OFF on input line 40.
 (C:\Programme\MikTeX\texmf\tex\latex\hyperref\nameref.sty
Package: nameref 2001/01/27 v2.19 Cross-referencing by name of section
\c@section@level=\count148
)
LaTeX Info: Redefining \ref on input line 40.
LaTeX Info: Redefining \pageref on input line 40.
 (index.out)
(index.out)
LaTeX Font Info:    Overwriting symbol font `operators' in version `normal'
(Font)                  OT1/cmr/m/n --> OT1/cmss/m/n on input line 40.
LaTeX Font Info:    Overwriting symbol font `operators' in version `bold'
(Font)                  OT1/cmr/bx/n --> OT1/cmss/bx/n on input line 40.
\symnumbers=\mathgroup6
\sympureletters=\mathgroup7
LaTeX Font Info:    Overwriting symbol font `numbers' in version `bold'
(Font)                  OT1/cmss/m/n --> OT1/cmss/bx/n on input line 40.
LaTeX Font Info:    Overwriting symbol font `pureletters' in version `bold'
(Font)                  OT1/cmss/m/it --> OT1/cmss/bx/it on input line 40.
 [1{psfonts.map}

 <logomitte.png>] (index.toc) [2

] [3

] (basics.tex
[4


] (index.toc) [5

] (index.toc
Package color Info: Redefining color XXC@mixed on input line 2.
Package color Info: Redefining color XXC@mixed on input line 2.
Package color Info: Redefining color XXC@mixed on input line 2.
Package color Info: Redefining color XXC@mixed on input line 2.
Package color Info: Redefining color XXC@mixed on input line 3.
Package color Info: Redefining color XXC@mixed on input line 3.
Package color Info: Redefining color XXC@mixed on input line 3.
Package color Info: Redefining color XXC@mixed on input line 3.
Package color Info: Redefining color XXC@mixed on input line 4.
Package color Info: Redefining color XXC@mixed on input line 4.
Package color Info: Redefining color XXC@mixed on input line 4.
Package color Info: Redefining color XXC@mixed on input line 4.
Package color Info: Redefining color XXC@mixed on input line 5.
Package color Info: Redefining color XXC@mixed on input line 5.
Package color Info: Redefining color XXC@mixed on input line 5.
Package color Info: Redefining color XXC@mixed on input line 5.
Package color Info: Redefining color XXC@mixed on input line 6.
Package color Info: Redefining color XXC@mixed on input line 6.
Package color Info: Redefining color XXC@mixed on input line 6.
Package color Info: Redefining color XXC@mixed on input line 6.
Package color Info: Redefining color XXC@mixed on input line 7.
Package color Info: Redefining color XXC@mixed on input line 7.
Package color Info: Redefining color XXC@mixed on input line 7.
Package color Info: Redefining color XXC@mixed on input line 7.
Package color Info: Redefining color XXC@mixed on input line 8.
Package color Info: Redefining color XXC@mixed on input line 8.
Package color Info: Redefining color XXC@mixed on input line 8.
Package color Info: Redefining color XXC@mixed on input line 8.
Package color Info: Redefining color XXC@mixed on input line 9.
Package color Info: Redefining color XXC@mixed on input line 9.
Package color Info: Redefining color XXC@mixed on input line 9.
Package color Info: Redefining color XXC@mixed on input line 9.
) [6

] (index.toc
Package color Info: Redefining color XXC@mixed on input line 2.
Package color Info: Redefining color XXC@mixed on input line 2.
Package color Info: Redefining color XXC@mixed on input line 2.
Package color Info: Redefining color XXC@mixed on input line 2.
Package color Info: Redefining color XXC@mixed on input line 3.
Package color Info: Redefining color XXC@mixed on input line 3.
Package color Info: Redefining color XXC@mixed on input line 3.
Package color Info: Redefining color XXC@mixed on input line 3.
Package color Info: Redefining color XXC@mixed on input line 4.
Package color Info: Redefining color XXC@mixed on input line 4.
Package color Info: Redefining color XXC@mixed on input line 4.
Package color Info: Redefining color XXC@mixed on input line 4.
Package color Info: Redefining color XXC@mixed on input line 5.
Package color Info: Redefining color XXC@mixed on input line 5.
Package color Info: Redefining color XXC@mixed on input line 5.
Package color Info: Redefining color XXC@mixed on input line 5.
Package color Info: Redefining color XXC@mixed on input line 6.
Package color Info: Redefining color XXC@mixed on input line 6.
Package color Info: Redefining color XXC@mixed on input line 6.
Package color Info: Redefining color XXC@mixed on input line 6.
Package color Info: Redefining color XXC@mixed on input line 7.
Package color Info: Redefining color XXC@mixed on input line 7.
Package color Info: Redefining color XXC@mixed on input line 7.
Package color Info: Redefining color XXC@mixed on input line 7.
Package color Info: Redefining color XXC@mixed on input line 8.
Package color Info: Redefining color XXC@mixed on input line 8.
Package color Info: Redefining color XXC@mixed on input line 8.
Package color Info: Redefining color XXC@mixed on input line 8.
Package color Info: Redefining color XXC@mixed on input line 9.
Package color Info: Redefining color XXC@mixed on input line 9.
Package color Info: Redefining color XXC@mixed on input line 9.
Package color Info: Redefining color XXC@mixed on input line 9.
Package color Info: Redefining color XXC@mixed on input line 10.
Package color Info: Redefining color XXC@mixed on input line 10.
Package color Info: Redefining color XXC@mixed on input line 10.
Package color Info: Redefining color XXC@mixed on input line 10.
) [7

] [8

]) [9


] (plugins.tex
[10


] (index.toc) [11

] (index.toc
Package color Info: Redefining color XXC@mixed on input line 11.
Package color Info: Redefining color XXC@mixed on input line 11.
Package color Info: Redefining color XXC@mixed on input line 11.
Package color Info: Redefining color XXC@mixed on input line 11.
Package color Info: Redefining color XXC@mixed on input line 12.
Package color Info: Redefining color XXC@mixed on input line 12.
Package color Info: Redefining color XXC@mixed on input line 12.
Package color Info: Redefining color XXC@mixed on input line 12.
Package color Info: Redefining color XXC@mixed on input line 13.
Package color Info: Redefining color XXC@mixed on input line 13.
Package color Info: Redefining color XXC@mixed on input line 13.
Package color Info: Redefining color XXC@mixed on input line 13.
Package color Info: Redefining color XXC@mixed on input line 14.
Package color Info: Redefining color XXC@mixed on input line 14.
Package color Info: Redefining color XXC@mixed on input line 14.
Package color Info: Redefining color XXC@mixed on input line 14.
Package color Info: Redefining color XXC@mixed on input line 15.
Package color Info: Redefining color XXC@mixed on input line 15.
Package color Info: Redefining color XXC@mixed on input line 15.
Package color Info: Redefining color XXC@mixed on input line 15.
Package color Info: Redefining color XXC@mixed on input line 16.
Package color Info: Redefining color XXC@mixed on input line 16.
Package color Info: Redefining color XXC@mixed on input line 16.
Package color Info: Redefining color XXC@mixed on input line 16.
Package color Info: Redefining color XXC@mixed on input line 17.
Package color Info: Redefining color XXC@mixed on input line 17.
Package color Info: Redefining color XXC@mixed on input line 17.
Package color Info: Redefining color XXC@mixed on input line 17.
Package color Info: Redefining color XXC@mixed on input line 18.
Package color Info: Redefining color XXC@mixed on input line 18.
Package color Info: Redefining color XXC@mixed on input line 18.
Package color Info: Redefining color XXC@mixed on input line 18.
) [12

] (index.toc
Package color Info: Redefining color XXC@mixed on input line 11.
Package color Info: Redefining color XXC@mixed on input line 11.
Package color Info: Redefining color XXC@mixed on input line 11.
Package color Info: Redefining color XXC@mixed on input line 11.
Package color Info: Redefining color XXC@mixed on input line 12.
Package color Info: Redefining color XXC@mixed on input line 12.
Package color Info: Redefining color XXC@mixed on input line 12.
Package color Info: Redefining color XXC@mixed on input line 12.
Package color Info: Redefining color XXC@mixed on input line 13.
Package color Info: Redefining color XXC@mixed on input line 13.
Package color Info: Redefining color XXC@mixed on input line 13.
Package color Info: Redefining color XXC@mixed on input line 13.
Package color Info: Redefining color XXC@mixed on input line 14.
Package color Info: Redefining color XXC@mixed on input line 14.
Package color Info: Redefining color XXC@mixed on input line 14.
Package color Info: Redefining color XXC@mixed on input line 14.
Package color Info: Redefining color XXC@mixed on input line 15.
Package color Info: Redefining color XXC@mixed on input line 15.
Package color Info: Redefining color XXC@mixed on input line 15.
Package color Info: Redefining color XXC@mixed on input line 15.
Package color Info: Redefining color XXC@mixed on input line 16.
Package color Info: Redefining color XXC@mixed on input line 16.
Package color Info: Redefining color XXC@mixed on input line 16.
Package color Info: Redefining color XXC@mixed on input line 16.
Package color Info: Redefining color XXC@mixed on input line 17.
Package color Info: Redefining color XXC@mixed on input line 17.
Package color Info: Redefining color XXC@mixed on input line 17.
Package color Info: Redefining color XXC@mixed on input line 17.
Package color Info: Redefining color XXC@mixed on input line 18.
Package color Info: Redefining color XXC@mixed on input line 18.
Package color Info: Redefining color XXC@mixed on input line 18.
Package color Info: Redefining color XXC@mixed on input line 18.
Package color Info: Redefining color XXC@mixed on input line 19.
Package color Info: Redefining color XXC@mixed on input line 19.
Package color Info: Redefining color XXC@mixed on input line 19.
Package color Info: Redefining color XXC@mixed on input line 19.
) [13

] [14

]) (fazit.tex
[15



] (index.toc) [16

]) (index.toc) [17


\@writefile{toc}{\sectionintoc {15}{Tipps}{17}{3}}
\@writefile{head}{\headcommand {\sectionentry {15}{Tipps}{17}{Tipps}{3}}}
\@writefile{head}{\headcommand {\beamer@sectionpages {16}{16}}}
\@writefile{head}{\headcommand {\beamer@subsectionpages {16}{16}}}
\@writefile{toc}{\subsectionintoc {15}{1}{Console, Eclipse, JBuilder}{17}{3}}
\@writefile{head}{\headcommand {\beamer@subsectionpages {17}{16}}}
\@writefile{toc}{\sectionintoc {16}{Zusammenfassung}{17}{3}}
\@writefile{head}{\headcommand {\sectionentry {16}{Zusammenfassung}{17}{Zusamme
nfassung}{3}}}
\@writefile{head}{\headcommand {\beamer@sectionpages {17}{16}}}
\@writefile{head}{\headcommand {\beamer@subsectionpages {17}{16}}}

] [18

]
\tf@head=\write5
\tf@toc=\write6
\tf@snm=\write7
 (index.aux (basics.aux) (plugins.aux) (fazit.aux)) ) 
Here is how much of TeX's memory you used:
 6935 strings out of 95624
 90755 string characters out of 1190571
 183116 words of memory out of 1184742
 9542 multiletter control sequences out of 35000
 6749 words of font info for 24 fonts, out of 500000 for 1000
 14 hyphenation exceptions out of 607
 44i,14n,42p,236b,360s stack positions out of 1500i,500n,5000p,200000b,32768s
 733 PDF objects out of 65536
 46 named destinations out of 20000
 318 words of extra memory for PDF output out of 65536
<cmss17.pfb><cmss8.pfb><cm
ss10.pfb><cmss12.pfb><cmssbx10.pfb>
Output written on index.pdf (18 pages, 177265 bytes).
