\BOOKMARK [1][]{Outline1}{Outline}{}
\BOOKMARK [1][]{Outline2}{Outline}{}
\BOOKMARK [1][]{Outline3}{Einf\374hrung}{}
\BOOKMARK [2][]{Outline3.1.6}{Hintergrund}{Outline3}
\BOOKMARK [1][]{Outline4}{Konzepte}{}
\BOOKMARK [2][]{Outline4.1.6}{Architektur}{Outline4}
\BOOKMARK [2][]{Outline4.2.6}{POM}{Outline4}
\BOOKMARK [2][]{Outline4.3.6}{PP}{Outline4}
\BOOKMARK [2][]{Outline4.4.6}{Repositories}{Outline4}
\BOOKMARK [1][]{Outline5}{Installation}{}
\BOOKMARK [1][]{Outline6}{Beispiel}{}
\BOOKMARK [1][]{Outline7}{}{}
\BOOKMARK [1][]{Outline8}{Outline}{}
\BOOKMARK [1][]{Outline9}{Einf\374hrung}{}
\BOOKMARK [2][]{Outline9.1.12}{Hintergrund}{Outline9}
\BOOKMARK [1][]{Outline10}{Konzepte}{}
\BOOKMARK [2][]{Outline10.1.12}{Architektur}{Outline10}
\BOOKMARK [2][]{Outline10.2.12}{POM}{Outline10}
\BOOKMARK [2][]{Outline10.3.12}{PP}{Outline10}
\BOOKMARK [2][]{Outline10.4.12}{Repositories}{Outline10}
\BOOKMARK [1][]{Outline11}{Installation}{}
\BOOKMARK [1][]{Outline12}{Beispiel}{}
\BOOKMARK [1][]{Outline13}{}{}
\BOOKMARK [1][]{Outline14}{Outline}{}
\BOOKMARK [1][]{Outline15}{Tipps}{}
\BOOKMARK [2][]{Outline15.1.17}{Console, Eclipse, JBuilder}{Outline15}
\BOOKMARK [1][]{Outline16}{Zusammenfassung}{}
